<?xml version="1.0" encoding="UTF-8"?>
<beans xmlns="http://www.springframework.org/schema/beans"
       xmlns:xsi="http://www.w3.org/2001/XMLSchema-instance"
       xmlns:context="http://www.springframework.org/schema/context"
       xmlns:tx="http://www.springframework.org/schema/tx"
       xmlns:aop="http://www.springframework.org/schema/aop"
       xsi:schemaLocation="http://www.springframework.org/schema/beans
                           http://www.springframework.org/schema/beans/spring-beans.xsd
                           http://www.springframework.org/schema/mvc
                           http://www.springframework.org/schema/mvc/spring-mvc.xsd
                           http://www.springframework.org/schema/tx
                           http://www.springframework.org/schema/tx/spring-tx-3.0.xsd
                           http://www.springframework.org/schema/context
                           http://www.springframework.org/schema/context/spring-context.xsd
       http://www.springframework.org/schema/aop http://www.springframework.org/schema/aop/spring-aop-3.2.xsd">



    <bean id="homePageWebService" class="com.sg.webservice.HomePageWebServiceImpl"/>


    <bean id="testData" class="com.sg.webservice.TestDataHelperWebService" />

    <bean id="powerDao" class="com.sg.dao.PowerDaoImpl"/>
    <bean id="powerService" class="com.sg.service.PowerServiceImpl"/>
    <bean id="powerWebService" class="com.sg.webservice.PowerWebServiceImpl"/>

    <bean id="sightingDao" class="com.sg.dao.SightingDaoImpl"/>
    <bean id="sightingService" class="com.sg.service.SightingServiceImpl"/>
    <bean id="sightingWebService" class="com.sg.webservice.SightingWebServiceImpl"/>

    <bean id="organizationDao" class="com.sg.dao.OrganizationDaoImpl"/>
    <bean id="organizationService" class="com.sg.service.OrganizationServiceImpl"/>
    <bean id="organizationWebService" class="com.sg.webservice.OrganizationWebServiceImpl"/>

    <bean id="locationDao" class="com.sg.dao.LocationDaoImpl"/>
    <bean id="locationService" class="com.sg.service.LocationServiceImpl"/>
    <bean id="locationWebService" class="com.sg.webservice.LocationWebServiceImpl"/>

    <bean id="heroDao" class="com.sg.dao.HeroDaoImpl"/>
    <bean id="heroService" class="com.sg.service.HeroServiceImpl"/>
    <bean id="heroWebService" class="com.sg.webservice.HeroWebServiceImpl"/>

    <bean id="heroPowerDao" class="com.sg.dao.HeroPowerDaoImpl"/>
    <bean id="heroPowerService" class="com.sg.service.HeroPowerServiceImpl"/>

    <bean id="heroOrganizationDao" class="com.sg.dao.HeroOrganizationDaoImpl"/>
    <bean id="heroOrganizationService" class="com.sg.service.HeroOrganizationServiceImpl"/>

    <bean id="heroSightingDao" class="com.sg.dao.HeroSightingDaoImpl"/>
    <bean id="heroSightingService" class="com.sg.service.HeroSightingServiceImpl"/>







    <tx:annotation-driven/>

    <bean id="dataSource" class="org.apache.commons.dbcp2.BasicDataSource">
        <property name="driverClassName" value="com.mysql.jdbc.Driver"/>
        <property name="url" value="jdbc:mysql://localhost:3306/SuperheroTest"/>
        <property name="username" value="root" />
        <property name="password" value="root" />
        <property name="initialSize" value="5" />
        <property name="maxTotal" value="10" />
    </bean>

    <bean id="transactionManager" class="org.springframework.jdbc.datasource.DataSourceTransactionManager">
        <property name="dataSource" ref="dataSource" />
    </bean>

    <bean id="jdbcTemplate" class="org.springframework.jdbc.core.JdbcTemplate">
        <property name="dataSource" ref="dataSource" />
    </bean>


</beans>